<?xml version="1.0" encoding="UTF-8"?>
<testng-results skipped="0" failed="0" ignored="0" total="1" passed="1">
  <reporter-output>
  </reporter-output>
  <suite name="Suite" duration-ms="176" started-at="2018-09-12T02:01:24Z" finished-at="2018-09-12T02:01:24Z">
    <groups>
    </groups>
    <test name="Test" duration-ms="176" started-at="2018-09-12T02:01:24Z" finished-at="2018-09-12T02:01:24Z">
      <class name="jcom.jenkinsNew.JenkinsNewCI.AppTest">
        <test-method status="PASS" signature="demo()[pri:0, instance:jcom.jenkinsNew.JenkinsNewCI.AppTest@475530b9]" name="demo" duration-ms="48" started-at="2018-09-12T02:01:24Z" finished-at="2018-09-12T02:01:24Z">
          <reporter-output>
          </reporter-output>
        </test-method> <!-- demo -->
      </class> <!-- jcom.jenkinsNew.JenkinsNewCI.AppTest -->
    </test> <!-- Test -->
  </suite> <!-- Suite -->
</testng-results>
